[H[2J[3Juse this for any remote debian server setup and startup
Hit:1 https://deb.debian.org/debian bookworm InRelease
Hit:2 https://deb.debian.org/debian bookworm-updates InRelease
Hit:3 https://deb.debian.org/debian-security bookworm-security InRelease
Ign:4 https://storage.googleapis.com/cros-packages/133 bookworm InRelease
Hit:5 https://storage.googleapis.com/cros-packages/133 bookworm Release
Reading package lists...
Reading package lists...
Building dependency tree...
Reading state information...
Calculating upgrade...
0 upgraded, 0 newly installed, 0 to remove and 0 not upgraded.
Reading package lists...
Building dependency tree...
Reading state information...
git is already the newest version (1:2.39.5-0+deb12u2).
openjdk-17-jdk is already the newest version (17.0.14+7-1~deb12u1).
python3 is already the newest version (3.11.2-1+b1).
python3-pip is already the newest version (23.0.1+dfsg-1).
mit-scheme is already the newest version (12.1-3).
clojure is already the newest version (1.11.1-2).
emacs is already the newest version (1:28.2+1-15+deb12u4).
sbcl is already the newest version (2:2.2.9-1).
r-base is already the newest version (4.2.2.20221110-2).
firefox-esr is already the newest version (128.8.0esr-1~deb12u1).
0 upgraded, 0 newly installed, 0 to remove and 0 not upgraded.
Reading package lists...
Building dependency tree...
Reading state information...
0 upgraded, 0 newly installed, 0 to remove and 0 not upgraded.
git version 2.39.5
