Thu May 29 01:57:55 PM IST 2025
Hello, Racket World! Current date and time is: 
Thu May 29 01:58:10 PM IST 2025
Hello, Racket World! Current date and time is: 
Thu May 29 02:00:35 PM IST 2025
Hello, Racket World! Current date and time is: 
Thu May 29 02:02:35 PM IST 2025
Hello, Racket World! Current date and time is: 
Thu May 29 03:01:40 PM IST 2025
Hello, Racket World! Current date and time is: 
Thu May 29 04:01:47 PM IST 2025
Hello, Racket World! Current date and time is: 
Fri May 30 09:10:07 AM IST 2025
Hello, Racket World! Current date and time is: 
Fri May 30 09:10:32 AM IST 2025
Hello, Racket World! Current date and time is: 
Sun Jun  1 01:56:22 PM IST 2025
Hello, Racket World! Current date and time is: 
Sun Jun  1 02:01:47 PM IST 2025
Hello, Racket World! Current date and time is: 
Sun Jun  1 02:23:19 PM IST 2025
Hello, Racket World! Current date and time is: 
Sun Jun  1 02:55:58 PM IST 2025
Hello, Racket World! Current date and time is: 
Mon Jun  2 01:27:09 PM IST 2025
Hello, Racket World! Current date and time is: 
Mon Jun  2 05:44:03 PM IST 2025
Hello, Racket World! Current date and time is: 
Mon Jun  2 09:01:18 PM IST 2025
Hello, Racket World! Current date and time is: 
Mon Jun  2 09:02:10 PM IST 2025
Hello, Racket World! Current date and time is: 
Tue Jun  3 09:03:53 PM IST 2025
Hello, Racket World! Current date and time is: 
Tue Jun  3 09:08:54 PM IST 2025
Hello, Racket World! Current date and time is: 
Tue Jun  3 09:10:08 PM IST 2025
Hello, Racket World! Current date and time is: 
Wed Jun  4 01:17:09 PM IST 2025
Hello, Racket World! Current date and time is: 
Fri Jun  6 02:40:40 PM IST 2025
Hello, Racket World! Current date and time is: 
Sat Jun  7 09:58:13 PM IST 2025
Hello, Racket World! Current date and time is: 
Sun Jun  8 10:14:39 AM IST 2025
Hello, Racket World! Current date and time is: 
Sun Jun  8 08:38:08 PM IST 2025
Hello, Racket World! Current date and time is: 
Sun Jun  8 09:27:45 PM IST 2025
Hello, Racket World! Current date and time is: 
Sun Jun  8 09:28:01 PM IST 2025
Hello, Racket World! Current date and time is: 
Sun Jun  8 09:29:03 PM IST 2025
Hello, Racket World! Current date and time is: 
Mon Jun  9 09:30:45 AM IST 2025
Hello, Racket World! Current date and time is: 
Mon Jun  9 09:32:07 AM IST 2025
Hello, Racket World! Current date and time is: 
