╔══════════════════════════════════════════════════════════════╗
║        SUPPLY CHAIN COMPLIANCE AUDIT SCANNER               ║
║        Version 1.0 | Debian/Ubuntu Systems                 ║
╚══════════════════════════════════════════════════════════════╝
[2026-04-02 23:13:54] [INFO] Audit started
[2026-04-02 23:13:54] [INFO] Reports directory: /home/rgroot/supply_chain_audit/reports
[2026-04-02 23:13:54] [INFO] Timestamp: 20260402_231354
[2026-04-02 23:13:54] [INFO] Loading configuration from /home/rgroot/supply_chain_audit/config.conf
[2026-04-02 23:13:55] [INFO] Configuration loaded successfully
[2026-04-02 23:13:55] [INFO] Age threshold: 7 days
[2026-04-02 23:13:55] [INFO] Checking dependencies...
[2026-04-02 23:13:55] [WARN] Missing optional dependency: xzdec (compressed log support limited)
[2026-04-02 23:13:55] [INFO] Core dependencies satisfied
[2026-04-02 23:13:55] [INFO] Scanning for recently installed packages...
[2026-04-02 23:13:55] [INFO] Scanning dpkg log files...
[2026-04-02 23:13:55] [INFO] Found 329 log entries to process
[2026-04-02 23:13:55] [INFO] Added 0 packages to scan list
[2026-04-02 23:13:55] [INFO] Scanning apt history log files...
[2026-04-02 23:13:55] [INFO] Found 33 packages to analyze
[2026-04-02 23:13:55] [INFO] Analyzing flagged packages...
[2026-04-02 23:13:55] [INFO] Package: cros-im | Age: 1 days | Repo: deb.debian.org (Official - Trusted) | Trusted: deb.debian.org | Integrity: OK
[2026-04-02 23:13:55] [INFO] Package: 63565) | Age: 1 days | Repo: deb.debian.org (Official - Trusted) | Trusted: deb.debian.org | Integrity: WARN
[2026-04-02 23:13:55] [INFO] Package: zstd | Age: 1 days | Repo: deb.debian.org (Official - Trusted) | Trusted: deb.debian.org | Integrity: OK
[2026-04-02 23:13:55] [INFO] Package: lsof | Age: 1 days | Repo: deb.debian.org (Official - Trusted) | Trusted: deb.debian.org | Integrity: OK
[2026-04-02 23:13:55] [INFO] Package: tcpdump | Age: 1 days | Repo: deb.debian.org (Official - Trusted) | Trusted: deb.debian.org | Integrity: OK
[2026-04-02 23:13:55] [INFO] Package: imagemagick | Age: 1 days | Repo: deb.debian.org (Official - Trusted) | Trusted: deb.debian.org | Integrity: OK
[2026-04-02 23:13:55] [INFO] Package: 8:6.9.11.60+dfsg-1.6+deb12u7) | Age: 1 days | Repo: deb.debian.org (Official - Trusted) | Trusted: deb.debian.org | Integrity: WARN
[2026-04-02 23:13:55] [INFO] Package: libmagickcore-6.q16-6-extra | Age: 1 days | Repo: deb.debian.org (Official - Trusted) | Trusted: deb.debian.org | Integrity: OK
[2026-04-02 23:13:55] [INFO] Package: libmagickwand-6.q16-6 | Age: 1 days | Repo: deb.debian.org (Official - Trusted) | Trusted: deb.debian.org | Integrity: OK
[2026-04-02 23:13:55] [INFO] Package: imagemagick-6.q16 | Age: 1 days | Repo: deb.debian.org (Official - Trusted) | Trusted: deb.debian.org | Integrity: OK
