2024-08-10 13:54:24 - Hello, World!
2024-08-10 13:56:40 - Hello, Python World! Current Date and Time: %Y-%m-%d %H:%M:%S
2024-08-10 13:59:21 - Hello, Python World!
2024-08-10 14:00:32 - Hello, Python World!
2024-08-10 16:20:26 - Hello, Python World!
2024-08-10 16:24:03 - Hello, Python World!
2024-08-11 12:19:26 - Hello, Python World!
2024-08-11 15:59:43 - Hello, Python World!
2024-08-11 16:04:39 - Hello, Python World!
2024-08-12 09:21:59 - Hello, Python World!
2024-08-12 09:25:10 - Hello, Python World!2024-08-12 09:25:10
2024-08-12 09:25:29 - Hello, Python World! Current date and time is:2024-08-12 09:25:29
2024-08-12 09:25:32 - Hello, Python World! Current date and time is:2024-08-12 09:25:32
2024-08-12 09:25:41 - Hello, Python World! Current date and time is: 2024-08-12 09:25:41
2024-08-12 21:10:49 - Hello, Python World! Current date and time is: 2024-08-12 21:10:49
2024-08-13 09:43:57 - Hello, Python World! Current date and time is: 2024-08-13 09:43:57
2024-08-14 22:48:37 - Hello, Python World! Current date and time is: 2024-08-14 22:48:37
2024-08-15 22:55:58 - Hello, Python World! Current date and time is: 2024-08-15 22:55:58
2024-08-15 22:59:51 - Hello, Python World! Current date and time is: 2024-08-15 22:59:51
2024-08-15 23:04:08 - Hello, Python World! Current date and time is: 2024-08-15 23:04:08
