2024-08-10 13:54:24 - Hello, World!
2024-08-10 13:56:40 - Hello, Python World! Current Date and Time: %Y-%m-%d %H:%M:%S
2024-08-10 13:59:21 - Hello, Python World!
2024-08-10 14:00:32 - Hello, Python World!
2024-08-10 16:20:26 - Hello, Python World!
2024-08-10 16:24:03 - Hello, Python World!
2024-08-11 12:19:26 - Hello, Python World!
2024-08-11 15:59:43 - Hello, Python World!
2024-08-11 16:04:39 - Hello, Python World!
2024-08-12 09:21:59 - Hello, Python World!
2024-08-12 09:25:10 - Hello, Python World!2024-08-12 09:25:10
2024-08-12 09:25:29 - Hello, Python World! Current date and time is:2024-08-12 09:25:29
2024-08-12 09:25:32 - Hello, Python World! Current date and time is:2024-08-12 09:25:32
2024-08-12 09:25:41 - Hello, Python World! Current date and time is: 2024-08-12 09:25:41
2024-08-12 21:10:49 - Hello, Python World! Current date and time is: 2024-08-12 21:10:49
2024-08-13 09:43:57 - Hello, Python World! Current date and time is: 2024-08-13 09:43:57
2024-08-14 22:48:37 - Hello, Python World! Current date and time is: 2024-08-14 22:48:37
2024-08-15 22:55:58 - Hello, Python World! Current date and time is: 2024-08-15 22:55:58
2024-08-15 22:59:51 - Hello, Python World! Current date and time is: 2024-08-15 22:59:51
2024-08-15 23:04:08 - Hello, Python World! Current date and time is: 2024-08-15 23:04:08
2024-08-15 23:04:27 - Hello, Python World! Current date and time is: 2024-08-15 23:04:27
2024-08-16 00:17:05 - Hello, Python World! Current date and time is: 2024-08-16 00:17:05
2024-08-16 00:17:22 - Hello, Python World! Current date and time is: 2024-08-16 00:17:22
2024-08-16 12:30:57 - Hello, Python World! Current date and time is: 2024-08-16 12:30:57
2024-08-16 12:34:48 - Hello, Python World! Current date and time is: 2024-08-16 12:34:48
2024-08-19 22:35:40 - Hello, Python World! Current date and time is: 2024-08-19 22:35:40
2024-08-19 22:37:26 - Hello, Python World! Current date and time is: 2024-08-19 22:37:26
2024-08-19 22:44:07 - Hello, Python World! Current date and time is: 2024-08-19 22:44:07
2024-08-19 22:54:20 - Hello, Python World! Current date and time is: 2024-08-19 22:54:20
2024-08-19 22:54:42 - Hello, Python World! Current date and time is: 2024-08-19 22:54:42
2024-08-19 22:55:25 - Hello, Python World! Current date and time is: 2024-08-19 22:55:25
2024-08-20 11:17:38 - Hello, Python World! Current date and time is: 2024-08-20 11:17:38
2024-08-20 12:25:04 - Hello, Python World! Current date and time is: 2024-08-20 12:25:04
2024-08-20 12:32:42 - Hello, Python World! Current date and time is: 2024-08-20 12:32:42
2024-08-20 12:36:10 - Hello, Python World! Current date and time is: 2024-08-20 12:36:10
2024-08-20 12:38:08 - Hello, Python World! Current date and time is: 2024-08-20 12:38:08
2024-08-20 12:54:58 - Hello, Python World! Current date and time is: 2024-08-20 12:54:58
2024-08-21 12:58:56 - Hello, Python World! Current date and time is: 2024-08-21 12:58:56
2024-08-21 13:00:15 - Hello, Python World! Current date and time is: 2024-08-21 13:00:15
2024-08-21 14:46:29 - Hello, Python World! Current date and time is: 2024-08-21 14:46:29
2024-08-21 20:04:26 - Hello, Python World! Current date and time is: 2024-08-21 20:04:26
2024-08-22 08:33:10 - Hello, Python World! Current date and time is: 2024-08-22 08:33:10
2024-08-22 11:11:34 - Hello, Python World! Current date and time is: 2024-08-22 11:11:34
2024-08-22 11:14:21 - Hello, Python World! Current date and time is: 2024-08-22 11:14:21
2024-09-06 23:19:01 - Hello, Python World! Current date and time is: 2024-09-06 23:19:01
2024-09-06 23:26:38 - Hello, Python World! Current date and time is: 2024-09-06 23:26:38
2024-09-07 10:50:22 - Hello, Python World! Current date and time is: 2024-09-07 10:50:22
2024-09-07 19:42:09 - Hello, Python World! Current date and time is: 2024-09-07 19:42:09
2024-09-08 14:55:54 - Hello, Python World! Current date and time is: 2024-09-08 14:55:54
2024-09-08 14:59:44 - Hello, Python World! Current date and time is: 2024-09-08 14:59:44
2024-09-08 15:06:19 - Hello, Python World! Current date and time is: 2024-09-08 15:06:19
2024-09-08 15:35:30 - Hello, Python World! Current date and time is: 2024-09-08 15:35:30
2024-09-08 15:35:57 - Hello, Python World! Current date and time is: 2024-09-08 15:35:57
2024-09-08 15:39:16 - Hello, Python World! Current date and time is: 2024-09-08 15:39:16
2024-09-10 09:52:01 - Hello, Python World! Current date and time is: 2024-09-10 09:52:01
2024-09-11 15:08:17 - Hello, Python World! Current date and time is: 2024-09-11 15:08:17
2024-09-11 22:08:48 - Hello, Python World! Current date and time is: 2024-09-11 22:08:48
2024-09-12 00:13:27 - Hello, Python World! Current date and time is: 2024-09-12 00:13:27
2024-09-13 11:35:20 - Hello, Python World! Current date and time is: 2024-09-13 11:35:20
2024-09-13 11:40:18 - Hello, Python World! Current date and time is: 2024-09-13 11:40:18
2024-09-13 14:11:45 - Hello, Python World! Current date and time is: 2024-09-13 14:11:45
2024-09-13 14:25:30 - Hello, Python World! Current date and time is: 2024-09-13 14:25:30
2024-09-13 14:28:23 - Hello, Python World! Current date and time is: 2024-09-13 14:28:23
2024-09-13 14:33:11 - Hello, Python World! Current date and time is: 2024-09-13 14:33:11
2024-09-13 14:47:11 - Hello, Python World! Current date and time is: 2024-09-13 14:47:11
2024-09-14 19:26:03 - Hello, Python World! Current date and time is: 2024-09-14 19:26:03
2024-09-16 13:54:26 - Hello, Python World! Current date and time is: 2024-09-16 13:54:26
2024-09-16 20:53:30 - Hello, Python World! Current date and time is: 2024-09-16 20:53:30
2024-09-16 23:08:44 - Hello, Python World! Current date and time is: 2024-09-16 23:08:44
2024-09-16 23:10:07 - Hello, Python World! Current date and time is: 2024-09-16 23:10:07
2024-09-17 15:11:37 - Hello, Python World! Current date and time is: 2024-09-17 15:11:37
2024-09-17 19:52:09 - Hello, Python World! Current date and time is: 2024-09-17 19:52:09
2024-09-17 19:52:27 - Hello, Python World! Current date and time is: 2024-09-17 19:52:27
2024-09-17 19:53:27 - Hello, Python World! Current date and time is: 2024-09-17 19:53:27
2024-09-18 17:15:07 - Hello, Python World! Current date and time is: 2024-09-18 17:15:07
2024-09-18 17:16:41 - Hello, Python World! Current date and time is: 2024-09-18 17:16:41
2024-09-18 17:17:33 - Hello, Python World! Current date and time is: 2024-09-18 17:17:33
2024-09-18 19:04:15 - Hello, Python World! Current date and time is: 2024-09-18 19:04:15
2024-09-18 19:10:26 - Hello, Python World! Current date and time is: 2024-09-18 19:10:26
2024-09-18 19:17:05 - Hello, Python World! Current date and time is: 2024-09-18 19:17:05
2024-09-18 19:17:10 - Hello, Python World! Current date and time is: 2024-09-18 19:17:10
2024-09-18 20:44:52 - Hello, Python World! Current date and time is: 2024-09-18 20:44:52
2024-09-18 20:51:00 - Hello, Python World! Current date and time is: 2024-09-18 20:51:00
2024-09-18 20:51:40 - Hello, Python World! Current date and time is: 2024-09-18 20:51:40
2024-09-18 21:50:08 - Hello, Python World! Current date and time is: 2024-09-18 21:50:08
2024-09-19 21:45:06 - Hello, Python World! Current date and time is: 2024-09-19 21:45:06
2024-09-19 23:46:22 - Hello, Python World! Current date and time is: 2024-09-19 23:46:22
2024-09-19 23:48:30 - Hello, Python World! Current date and time is: 2024-09-19 23:48:30
2024-09-21 12:03:38 - Hello, Python World! Current date and time is: 2024-09-21 12:03:38
2024-09-21 13:20:53 - Hello, Python World! Current date and time is: 2024-09-21 13:20:53
2024-09-21 13:22:17 - Hello, Python World! Current date and time is: 2024-09-21 13:22:17
2024-09-22 17:34:36 - Hello, Python World! Current date and time is: 2024-09-22 17:34:36
2024-09-22 18:18:06 - Hello, Python World! Current date and time is: 2024-09-22 18:18:06
2024-09-22 19:26:51 - Hello, Python World! Current date and time is: 2024-09-22 19:26:51
2024-09-22 19:29:27 - Hello, Python World! Current date and time is: 2024-09-22 19:29:27
2024-09-22 19:32:52 - Hello, Python World! Current date and time is: 2024-09-22 19:32:52
2024-09-26 22:45:41 - Hello, Python World! Current date and time is: 2024-09-26 22:45:41
2024-09-26 22:50:12 - Hello, Python World! Current date and time is: 2024-09-26 22:50:12
2024-09-26 23:15:07 - Hello, Python World! Current date and time is: 2024-09-26 23:15:07
2024-09-27 00:28:23 - Hello, Python World! Current date and time is: 2024-09-27 00:28:23
2024-09-27 00:30:11 - Hello, Python World! Current date and time is: 2024-09-27 00:30:11
2024-09-27 12:48:42 - Hello, Python World! Current date and time is: 2024-09-27 12:48:42
2024-09-27 17:40:55 - Hello, Python World! Current date and time is: 2024-09-27 17:40:55
2024-09-27 23:12:24 - Hello, Python World! Current date and time is: 2024-09-27 23:12:24
2024-09-30 15:07:33 - Hello, Python World! Current date and time is: 2024-09-30 15:07:33
2024-09-30 15:11:51 - Hello, Python World! Current date and time is: 2024-09-30 15:11:51
2024-10-01 11:47:47 - Hello, Python World! Current date and time is: 2024-10-01 11:47:47
2024-10-01 11:50:49 - Hello, Python World! Current date and time is: 2024-10-01 11:50:49
2024-10-01 18:08:54 - Hello, Python World! Current date and time is: 2024-10-01 18:08:54
2024-10-02 14:29:14 - Hello, Python World! Current date and time is: 2024-10-02 14:29:14
