[H[J[3J--- Omni-Sentry v2.0 Initialized ---
[0;32m[*] Auditing Connection: xxx.xxx.xx.xxx # Manually unmask if you want IP to be displayed 
checking 10.0.0. ...
checking 192.168.1. ...
checking 10.1.1. ...
checking 169.254. ...
checking 172.16.42. ...
[0;32m[+] Subnet appears to be outside of known hacker default ranges.[0m
run this file for any remote debian server setup, startup and chk backups

Date: Thu May 14 10:22:05 PM IST 2026 
OS: Linux 
Kernel: 6.6.99-09128-g14e87a8a9b71
Firewall is active and enabled on system startup
Skipping adding existing rule
Skipping adding existing rule (v6)
Skipping adding existing rule
Skipping adding existing rule (v6)
Skipping adding existing rule
Skipping adding existing rule (v6)
Skipping adding existing rule
Skipping adding existing rule (v6)
Skipping adding existing rule
Skipping adding existing rule (v6)
Skipping adding existing rule
Skipping adding existing rule (v6)
Skipping adding existing rule
Skipping adding existing rule (v6)
Skipping adding existing rule
Skipping adding existing rule (v6)
Skipping adding existing rule
Skipping adding existing rule (v6)
Skipping adding existing rule
Skipping adding existing rule (v6)
Skipping adding existing rule
Skipping adding existing rule (v6)
Skipping adding existing rule
Skipping adding existing rule (v6)
Skipping adding existing rule
Skipping adding existing rule (v6)
Default incoming policy changed to 'deny'
(be sure to update your rules accordingly)
